[0.006s] Invoking command in '/home/raviraj/Documents/ROS2/workspaces/build/udemy_ros2_pkg': CMAKE_PREFIX_PATH=/opt/ros/humble /usr/bin/cmake /home/raviraj/Documents/ROS2/workspaces/ros2_cpp_ws/src/udemy_ros2_pkg -DCMAKE_INSTALL_PREFIX=/home/raviraj/Documents/ROS2/workspaces/install/udemy_ros2_pkg
[0.010s] -- Found ament_cmake: 1.3.10 (/opt/ros/humble/share/ament_cmake/cmake)
[0.063s] -- Found rclcpp: 16.0.10 (/opt/ros/humble/share/rclcpp/cmake)
[0.324s] -- Found rosidl_generator_c: 3.1.5 (/opt/ros/humble/share/rosidl_generator_c/cmake)
[0.325s] -- Found rosidl_adapter: 3.1.5 (/opt/ros/humble/share/rosidl_adapter/cmake)
[0.327s] -- Found rosidl_generator_cpp: 3.1.5 (/opt/ros/humble/share/rosidl_generator_cpp/cmake)
[0.332s] -- Using all available rosidl_typesupport_c: rosidl_typesupport_fastrtps_c;rosidl_typesupport_introspection_c
[0.337s] -- Using all available rosidl_typesupport_cpp: rosidl_typesupport_fastrtps_cpp;rosidl_typesupport_introspection_cpp
[0.351s] -- Found rmw_implementation_cmake: 6.1.2 (/opt/ros/humble/share/rmw_implementation_cmake/cmake)
[0.351s] -- Found rmw_fastrtps_cpp: 6.2.7 (/opt/ros/humble/share/rmw_fastrtps_cpp/cmake)
[6.014s] -- Using RMW implementation 'rmw_fastrtps_cpp' as default
[6.038s] -- Found ament_lint_auto: 0.12.11 (/opt/ros/humble/share/ament_lint_auto/cmake)
[6.080s] -- Added test 'cppcheck' to perform static code analysis on C / C++ code
[6.080s] -- Configured cppcheck include dirs: 
[6.080s] -- Configured cppcheck exclude dirs and/or files: 
[6.081s] -- Added test 'lint_cmake' to check CMake code style
[6.081s] -- Added test 'uncrustify' to check C / C++ code style
[6.081s] -- Configured uncrustify additional arguments: 
[6.082s] -- Added test 'xmllint' to check XML markup files
[6.083s] -- Configuring done
[6.088s] -- Generating done
[6.089s] -- Build files have been written to: /home/raviraj/Documents/ROS2/workspaces/build/udemy_ros2_pkg
[6.092s] Invoked command in '/home/raviraj/Documents/ROS2/workspaces/build/udemy_ros2_pkg' returned '0': CMAKE_PREFIX_PATH=/opt/ros/humble /usr/bin/cmake /home/raviraj/Documents/ROS2/workspaces/ros2_cpp_ws/src/udemy_ros2_pkg -DCMAKE_INSTALL_PREFIX=/home/raviraj/Documents/ROS2/workspaces/install/udemy_ros2_pkg
[6.094s] Invoking command in '/home/raviraj/Documents/ROS2/workspaces/build/udemy_ros2_pkg': CMAKE_PREFIX_PATH=/opt/ros/humble /usr/bin/cmake --build /home/raviraj/Documents/ROS2/workspaces/build/udemy_ros2_pkg -- -j32 -l32
[6.103s] -- Found ament_cmake: 1.3.10 (/opt/ros/humble/share/ament_cmake/cmake)
[6.159s] -- Found rclcpp: 16.0.10 (/opt/ros/humble/share/rclcpp/cmake)
[6.279s] -- Found rosidl_generator_c: 3.1.5 (/opt/ros/humble/share/rosidl_generator_c/cmake)
[6.280s] -- Found rosidl_adapter: 3.1.5 (/opt/ros/humble/share/rosidl_adapter/cmake)
[6.283s] -- Found rosidl_generator_cpp: 3.1.5 (/opt/ros/humble/share/rosidl_generator_cpp/cmake)
[6.287s] -- Using all available rosidl_typesupport_c: rosidl_typesupport_fastrtps_c;rosidl_typesupport_introspection_c
[6.293s] -- Using all available rosidl_typesupport_cpp: rosidl_typesupport_fastrtps_cpp;rosidl_typesupport_introspection_cpp
[6.306s] -- Found rmw_implementation_cmake: 6.1.2 (/opt/ros/humble/share/rmw_implementation_cmake/cmake)
[6.308s] -- Found rmw_fastrtps_cpp: 6.2.7 (/opt/ros/humble/share/rmw_fastrtps_cpp/cmake)
[11.906s] -- Using RMW implementation 'rmw_fastrtps_cpp' as default
[11.927s] -- Found ament_lint_auto: 0.12.11 (/opt/ros/humble/share/ament_lint_auto/cmake)
[11.956s] -- Added test 'cppcheck' to perform static code analysis on C / C++ code
[11.956s] -- Configured cppcheck include dirs: 
[11.956s] -- Configured cppcheck exclude dirs and/or files: 
[11.957s] -- Added test 'lint_cmake' to check CMake code style
[11.957s] -- Added test 'uncrustify' to check C / C++ code style
[11.957s] -- Configured uncrustify additional arguments: 
[11.957s] -- Added test 'xmllint' to check XML markup files
[11.957s] -- Configuring done
[11.961s] -- Generating done
[11.961s] -- Build files have been written to: /home/raviraj/Documents/ROS2/workspaces/build/udemy_ros2_pkg
[11.976s] [ 50%] [32mBuilding CXX object CMakeFiles/publisher.dir/src/publisher.cpp.o[0m
[13.280s] [01m[K/home/raviraj/Documents/ROS2/workspaces/ros2_cpp_ws/src/udemy_ros2_pkg/src/publisher.cpp:29:27:[m[K [01;31m[Kerror: [m[Kâ€˜[01m[Kstd_msgs[m[Kâ€™ was not declared in this scope
[13.280s]    29 |         rclcpp::Publisher<[01;31m[Kstd_msgs[m[K::msg::String>::SharedPtr Publisher;
[13.280s]       |                           [01;31m[K^~~~~~~~[m[K
[13.280s] [01m[K/home/raviraj/Documents/ROS2/workspaces/ros2_cpp_ws/src/udemy_ros2_pkg/src/publisher.cpp:29:48:[m[K [01;31m[Kerror: [m[Ktemplate argument 1 is invalid
[13.280s]    29 |         rclcpp::Publisher<std_msgs::msg::String[01;31m[K>[m[K::SharedPtr Publisher;
[13.280s]       |                                                [01;31m[K^[m[K
[13.281s] [01m[K/home/raviraj/Documents/ROS2/workspaces/ros2_cpp_ws/src/udemy_ros2_pkg/src/publisher.cpp:29:51:[m[K [01;31m[Kerror: [m[Kexpected â€˜[01m[K;[m[Kâ€™ at end of member declaration
[13.281s]    29 |         rclcpp::Publisher<std_msgs::msg::String>::[01;31m[KSharedPtr[m[K Publisher;
[13.281s]       |                                                   [01;31m[K^~~~~~~~~[m[K
[13.281s]       |                                                            [32m[K;[m[K
[13.282s] [01m[K/home/raviraj/Documents/ROS2/workspaces/ros2_cpp_ws/src/udemy_ros2_pkg/src/publisher.cpp:29:61:[m[K [01;31m[Kerror: [m[Kâ€˜[01m[KPublisher[m[Kâ€™ does not name a type
[13.282s]    29 |         rclcpp::Publisher<std_msgs::msg::String>::SharedPtr [01;31m[KPublisher[m[K;
[13.282s]       |                                                             [01;31m[K^~~~~~~~~[m[K
[13.282s] [01m[K/home/raviraj/Documents/ROS2/workspaces/ros2_cpp_ws/src/udemy_ros2_pkg/src/publisher.cpp:30:17:[m[K [01;31m[Kerror: [m[Kâ€˜[01m[KTimebase[m[Kâ€™ in namespace â€˜[01m[Krclcpp[m[Kâ€™ does not name a type; did you mean â€˜[01m[KTimerBase[m[Kâ€™?
[13.282s]    30 |         rclcpp::[01;31m[KTimebase[m[K::SharedPtr timer;
[13.282s]       |                 [01;31m[K^~~~~~~~[m[K
[13.282s]       |                 [32m[KTimerBase[m[K
[13.282s] [01m[K/home/raviraj/Documents/ROS2/workspaces/ros2_cpp_ws/src/udemy_ros2_pkg/src/publisher.cpp:31:2:[m[K [01;31m[Kerror: [m[Kexpected â€˜[01m[K;[m[Kâ€™ after class definition
[13.282s]    31 | }
[13.282s]       |  [01;31m[K^[m[K
[13.282s]       |  [32m[K;[m[K
[13.288s] [01m[K/home/raviraj/Documents/ROS2/workspaces/ros2_cpp_ws/src/udemy_ros2_pkg/src/publisher.cpp:[m[K In constructor â€˜[01m[KHellWorldPubNode::HellWorldPubNode()[m[Kâ€™:
[13.288s] [01m[K/home/raviraj/Documents/ROS2/workspaces/ros2_cpp_ws/src/udemy_ros2_pkg/src/publisher.cpp:11:13:[m[K [01;31m[Kerror: [m[Kâ€˜[01m[KPublisher_[m[Kâ€™ was not declared in this scope; did you mean â€˜[01m[Krmw_publisher_t[m[Kâ€™?
[13.288s]    11 |             [01;31m[KPublisher_[m[K = this->create_publisher<std_msgs::msg::String>(
[13.288s]       |             [01;31m[K^~~~~~~~~~[m[K
[13.288s]       |             [32m[Krmw_publisher_t[m[K
[13.292s] [01m[K/home/raviraj/Documents/ROS2/workspaces/ros2_cpp_ws/src/udemy_ros2_pkg/src/publisher.cpp:11:49:[m[K [01;31m[Kerror: [m[Kâ€˜[01m[Kstd_msgs[m[Kâ€™ was not declared in this scope
[13.292s]    11 |             Publisher_ = this->create_publisher<[01;31m[Kstd_msgs[m[K::msg::String>(
[13.292s]       |                                                 [01;31m[K^~~~~~~~[m[K
[13.292s] [01m[K/home/raviraj/Documents/ROS2/workspaces/ros2_cpp_ws/src/udemy_ros2_pkg/src/publisher.cpp:11:32:[m[K [01;31m[Kerror: [m[Kparse error in template argument list
[13.292s]    11 |             Publisher_ = this->[01;31m[Kcreate_publisher<std_msgs::msg::String>[m[K(
[13.292s]       |                                [01;31m[K^~~~~~~~~~~~~~~~~~~~~~~~~~~~~~~~~~~~~~~[m[K
[13.292s] [01m[K/home/raviraj/Documents/ROS2/workspaces/ros2_cpp_ws/src/udemy_ros2_pkg/src/publisher.cpp:11:71:[m[K [01;31m[Kerror: [m[Kno matching function for call to â€˜[01m[KHellWorldPubNode::create_publisher<<expression error> >(const char [13], int)[m[Kâ€™
[13.292s]    11 |             Publisher_ = [01;31m[Kthis->create_publisher<std_msgs::msg::String>([m[K
[13.292s]       |                          [01;31m[K~~~~~~~~~~~~~~~~~~~~~~~~~~~~~~~~~~~~~~~~~~~~~^[m[K
[13.292s]    12 | [01;31m[K                "helllo world",10[m[K
[13.292s]       |                 [01;31m[K~~~~~~~~~~~~~~~~~[m[K                                      
[13.292s]    13 | [01;31m[K            )[m[K
[13.292s]       |             [01;31m[K~[m[K                                                          
[13.292s] In file included from [01m[K/opt/ros/humble/include/rclcpp/rclcpp/executors/single_threaded_executor.hpp:28[m[K,
[13.292s]                  from [01m[K/opt/ros/humble/include/rclcpp/rclcpp/executors.hpp:22[m[K,
[13.292s]                  from [01m[K/opt/ros/humble/include/rclcpp/rclcpp/rclcpp.hpp:155[m[K,
[13.292s]                  from [01m[K/home/raviraj/Documents/ROS2/workspaces/ros2_cpp_ws/src/udemy_ros2_pkg/src/publisher.cpp:2[m[K:
[13.292s] [01m[K/opt/ros/humble/include/rclcpp/rclcpp/node.hpp:195:3:[m[K [01;36m[Knote: [m[Kcandidate: â€˜[01m[Ktemplate<class MessageT, class AllocatorT, class PublisherT> std::shared_ptr<PublisherT> rclcpp::Node::create_publisher(const string&, const rclcpp::QoS&, const rclcpp::PublisherOptionsWithAllocator<AllocatorT>&)[m[Kâ€™
[13.292s]   195 |   [01;36m[Kcreate_publisher[m[K(
[13.292s]       |   [01;36m[K^~~~~~~~~~~~~~~~[m[K
[13.293s] [01m[K/opt/ros/humble/include/rclcpp/rclcpp/node.hpp:195:3:[m[K [01;36m[Knote: [m[K  template argument deduction/substitution failed:
[13.293s] [01m[K/home/raviraj/Documents/ROS2/workspaces/ros2_cpp_ws/src/udemy_ros2_pkg/src/publisher.cpp:11:71:[m[K [01;31m[Kerror: [m[Ktemplate argument 1 is invalid
[13.293s]    11 |             Publisher_ = [01;31m[Kthis->create_publisher<std_msgs::msg::String>([m[K
[13.293s]       |                          [01;31m[K~~~~~~~~~~~~~~~~~~~~~~~~~~~~~~~~~~~~~~~~~~~~~^[m[K
[13.293s]    12 | [01;31m[K                "helllo world",10[m[K
[13.293s]       |                 [01;31m[K~~~~~~~~~~~~~~~~~[m[K                                      
[13.293s]    13 | [01;31m[K            )[m[K
[13.293s]       |             [01;31m[K~[m[K                                                          
[13.293s] [01m[K/home/raviraj/Documents/ROS2/workspaces/ros2_cpp_ws/src/udemy_ros2_pkg/src/publisher.cpp:[m[K In member function â€˜[01m[Kvoid HellWorldPubNode::publish_hello_world()[m[Kâ€™:
[13.293s] [01m[K/home/raviraj/Documents/ROS2/workspaces/ros2_cpp_ws/src/udemy_ros2_pkg/src/publisher.cpp:21:28:[m[K [01;31m[Kerror: [m[Kâ€˜[01m[Kstd_msgs[m[Kâ€™ has not been declared
[13.293s]    21 |             auto message = [01;31m[Kstd_msgs[m[K::msg::String();
[13.293s]       |                            [01;31m[K^~~~~~~~[m[K
[13.295s] [01m[K/home/raviraj/Documents/ROS2/workspaces/ros2_cpp_ws/src/udemy_ros2_pkg/src/publisher.cpp:22:59:[m[K [01;31m[Kerror: [m[Kâ€˜[01m[Kcounter_[m[Kâ€™ was not declared in this scope
[13.295s]    22 |             message.data = "Hello world" + std::to_string([01;31m[Kcounter_[m[K);
[13.295s]       |                                                           [01;31m[K^~~~~~~~[m[K
[13.298s] [01m[K/home/raviraj/Documents/ROS2/workspaces/ros2_cpp_ws/src/udemy_ros2_pkg/src/publisher.cpp:24:13:[m[K [01;31m[Kerror: [m[Kâ€˜[01m[KPublisher_[m[Kâ€™ was not declared in this scope; did you mean â€˜[01m[Krmw_publisher_t[m[Kâ€™?
[13.298s]    24 |             [01;31m[KPublisher_[m[K->Publish(message);
[13.298s]       |             [01;31m[K^~~~~~~~~~[m[K
[13.298s]       |             [32m[Krmw_publisher_t[m[K
[13.298s] [01m[K/home/raviraj/Documents/ROS2/workspaces/ros2_cpp_ws/src/udemy_ros2_pkg/src/publisher.cpp:[m[K In function â€˜[01m[Kint main(int, char**)[m[Kâ€™:
[13.298s] [01m[K/home/raviraj/Documents/ROS2/workspaces/ros2_cpp_ws/src/udemy_ros2_pkg/src/publisher.cpp:36:17:[m[K [01;31m[Kerror: [m[Ktoo few arguments to function â€˜[01m[Kvoid rclcpp::init(int, const char* const*, const rclcpp::InitOptions&, rclcpp::SignalHandlerOptions)[m[Kâ€™
[13.298s]    36 |     [01;31m[Krclcpp::init()[m[K;
[13.298s]       |     [01;31m[K~~~~~~~~~~~~^~[m[K
[13.298s] In file included from [01m[K/opt/ros/humble/include/rclcpp/rclcpp/logging.hpp:25[m[K,
[13.298s]                  from [01m[K/opt/ros/humble/include/rclcpp/rclcpp/client.hpp:40[m[K,
[13.298s]                  from [01m[K/opt/ros/humble/include/rclcpp/rclcpp/callback_group.hpp:24[m[K,
[13.298s]                  from [01m[K/opt/ros/humble/include/rclcpp/rclcpp/any_executable.hpp:20[m[K,
[13.298s]                  from [01m[K/opt/ros/humble/include/rclcpp/rclcpp/memory_strategy.hpp:25[m[K,
[13.298s]                  from [01m[K/opt/ros/humble/include/rclcpp/rclcpp/memory_strategies.hpp:18[m[K,
[13.298s]                  from [01m[K/opt/ros/humble/include/rclcpp/rclcpp/executor_options.hpp:20[m[K,
[13.298s]                  from [01m[K/opt/ros/humble/include/rclcpp/rclcpp/executor.hpp:37[m[K,
[13.298s]                  from [01m[K/opt/ros/humble/include/rclcpp/rclcpp/executors/multi_threaded_executor.hpp:25[m[K,
[13.298s]                  from [01m[K/opt/ros/humble/include/rclcpp/rclcpp/executors.hpp:21[m[K,
[13.298s]                  from [01m[K/opt/ros/humble/include/rclcpp/rclcpp/rclcpp.hpp:155[m[K,
[13.298s]                  from [01m[K/home/raviraj/Documents/ROS2/workspaces/ros2_cpp_ws/src/udemy_ros2_pkg/src/publisher.cpp:2[m[K:
[13.298s] [01m[K/opt/ros/humble/include/rclcpp/rclcpp/utilities.hpp:75:1:[m[K [01;36m[Knote: [m[Kdeclared here
[13.298s]    75 | [01;36m[Kinit[m[K(
[13.299s]       | [01;36m[K^~~~[m[K
[13.302s] [01m[K/home/raviraj/Documents/ROS2/workspaces/ros2_cpp_ws/src/udemy_ros2_pkg/src/publisher.cpp:34:14:[m[K [01;35m[Kwarning: [m[Kunused parameter â€˜[01m[Kargc[m[Kâ€™ [[01;35m[K]8;;https://gcc.gnu.org/onlinedocs/gcc/Warning-Options.html#index-Wunused-parameter-Wunused-parameter]8;;[m[K]
[13.302s]    34 | int main([01;35m[Kint argc[m[K, char* argv[]) {
[13.302s]       |          [01;35m[K~~~~^~~~[m[K
[13.302s] [01m[K/home/raviraj/Documents/ROS2/workspaces/ros2_cpp_ws/src/udemy_ros2_pkg/src/publisher.cpp:34:26:[m[K [01;35m[Kwarning: [m[Kunused parameter â€˜[01m[Kargv[m[Kâ€™ [[01;35m[K]8;;https://gcc.gnu.org/onlinedocs/gcc/Warning-Options.html#index-Wunused-parameter-Wunused-parameter]8;;[m[K]
[13.302s]    34 | int main(int argc, [01;35m[Kchar* argv[][m[K) {
[13.302s]       |                    [01;35m[K~~~~~~^~~~~~[m[K
[13.499s] gmake[2]: *** [CMakeFiles/publisher.dir/build.make:76: CMakeFiles/publisher.dir/src/publisher.cpp.o] Error 1
[13.499s] gmake[1]: *** [CMakeFiles/Makefile2:137: CMakeFiles/publisher.dir/all] Error 2
[13.499s] gmake: *** [Makefile:146: all] Error 2
[13.500s] Invoked command in '/home/raviraj/Documents/ROS2/workspaces/build/udemy_ros2_pkg' returned '2': CMAKE_PREFIX_PATH=/opt/ros/humble /usr/bin/cmake --build /home/raviraj/Documents/ROS2/workspaces/build/udemy_ros2_pkg -- -j32 -l32
