[0.006s] Invoking command in '/home/raviraj/Documents/ROS2/workspaces/build/udemy_ros2_pkg': CMAKE_PREFIX_PATH=/opt/ros/humble /usr/bin/cmake --build /home/raviraj/Documents/ROS2/workspaces/build/udemy_ros2_pkg -- -j32 -l32
[0.015s] -- Found ament_cmake: 1.3.10 (/opt/ros/humble/share/ament_cmake/cmake)
[0.069s] -- Found rclcpp: 16.0.10 (/opt/ros/humble/share/rclcpp/cmake)
[0.187s] -- Found rosidl_generator_c: 3.1.5 (/opt/ros/humble/share/rosidl_generator_c/cmake)
[0.188s] -- Found rosidl_adapter: 3.1.5 (/opt/ros/humble/share/rosidl_adapter/cmake)
[0.191s] -- Found rosidl_generator_cpp: 3.1.5 (/opt/ros/humble/share/rosidl_generator_cpp/cmake)
[0.195s] -- Using all available rosidl_typesupport_c: rosidl_typesupport_fastrtps_c;rosidl_typesupport_introspection_c
[0.201s] -- Using all available rosidl_typesupport_cpp: rosidl_typesupport_fastrtps_cpp;rosidl_typesupport_introspection_cpp
[0.215s] -- Found rmw_implementation_cmake: 6.1.2 (/opt/ros/humble/share/rmw_implementation_cmake/cmake)
[0.216s] -- Found rmw_fastrtps_cpp: 6.2.7 (/opt/ros/humble/share/rmw_fastrtps_cpp/cmake)
[5.595s] -- Using RMW implementation 'rmw_fastrtps_cpp' as default
[5.618s] -- Found ament_lint_auto: 0.12.11 (/opt/ros/humble/share/ament_lint_auto/cmake)
[5.648s] -- Added test 'cppcheck' to perform static code analysis on C / C++ code
[5.648s] -- Configured cppcheck include dirs: 
[5.648s] -- Configured cppcheck exclude dirs and/or files: 
[5.648s] -- Added test 'lint_cmake' to check CMake code style
[5.648s] -- Added test 'uncrustify' to check C / C++ code style
[5.648s] -- Configured uncrustify additional arguments: 
[5.649s] -- Added test 'xmllint' to check XML markup files
[5.649s] -- Configuring done
[5.652s] -- Generating done
[5.653s] -- Build files have been written to: /home/raviraj/Documents/ROS2/workspaces/build/udemy_ros2_pkg
[5.665s] [35m[1mConsolidate compiler generated dependencies of target publisher[0m
[5.671s] [ 50%] [32mBuilding CXX object CMakeFiles/publisher.dir/src/publisher.cpp.o[0m
[6.652s] [01m[K/home/raviraj/Documents/ROS2/workspaces/ros2_cpp_ws/src/udemy_ros2_pkg/src/publisher.cpp:31:17:[m[K [01;31m[Kerror: [m[Kâ€˜[01m[KTimeBase[m[Kâ€™ in namespace â€˜[01m[Krclcpp[m[Kâ€™ does not name a type; did you mean â€˜[01m[KTimerBase[m[Kâ€™?
[6.652s]    31 |         rclcpp::[01;31m[KTimeBase[m[K::SharedPtr timer;
[6.652s]       |                 [01;31m[K^~~~~~~~[m[K
[6.652s]       |                 [32m[KTimerBase[m[K
[6.652s] [01m[K/home/raviraj/Documents/ROS2/workspaces/ros2_cpp_ws/src/udemy_ros2_pkg/src/publisher.cpp:32:2:[m[K [01;31m[Kerror: [m[Kexpected â€˜[01m[K;[m[Kâ€™ after class definition
[6.652s]    32 | }
[6.652s]       |  [01;31m[K^[m[K
[6.652s]       |  [32m[K;[m[K
[6.654s] [01m[K/home/raviraj/Documents/ROS2/workspaces/ros2_cpp_ws/src/udemy_ros2_pkg/src/publisher.cpp:[m[K In constructor â€˜[01m[KHellWorldPubNode::HellWorldPubNode()[m[Kâ€™:
[6.654s] [01m[K/home/raviraj/Documents/ROS2/workspaces/ros2_cpp_ws/src/udemy_ros2_pkg/src/publisher.cpp:12:13:[m[K [01;31m[Kerror: [m[Kâ€˜[01m[KPublisher_[m[Kâ€™ was not declared in this scope; did you mean â€˜[01m[KPublisher[m[Kâ€™?
[6.654s]    12 |             [01;31m[KPublisher_[m[K = this->create_publisher<std_msgs::msg::String>(
[6.655s]       |             [01;31m[K^~~~~~~~~~[m[K
[6.655s]       |             [32m[KPublisher[m[K
[6.658s] [01m[K/home/raviraj/Documents/ROS2/workspaces/ros2_cpp_ws/src/udemy_ros2_pkg/src/publisher.cpp:[m[K In member function â€˜[01m[Kvoid HellWorldPubNode::publish_hello_world()[m[Kâ€™:
[6.658s] [01m[K/home/raviraj/Documents/ROS2/workspaces/ros2_cpp_ws/src/udemy_ros2_pkg/src/publisher.cpp:23:59:[m[K [01;31m[Kerror: [m[Kâ€˜[01m[Kcounter_[m[Kâ€™ was not declared in this scope
[6.658s]    23 |             message.data = "Hello world" + std::to_string([01;31m[Kcounter_[m[K);
[6.658s]       |                                                           [01;31m[K^~~~~~~~[m[K
[6.661s] [01m[K/home/raviraj/Documents/ROS2/workspaces/ros2_cpp_ws/src/udemy_ros2_pkg/src/publisher.cpp:25:13:[m[K [01;31m[Kerror: [m[Kâ€˜[01m[KPublisher_[m[Kâ€™ was not declared in this scope; did you mean â€˜[01m[KPublisher[m[Kâ€™?
[6.661s]    25 |             [01;31m[KPublisher_[m[K->Publish(message);
[6.661s]       |             [01;31m[K^~~~~~~~~~[m[K
[6.661s]       |             [32m[KPublisher[m[K
[6.661s] [01m[K/home/raviraj/Documents/ROS2/workspaces/ros2_cpp_ws/src/udemy_ros2_pkg/src/publisher.cpp:[m[K In function â€˜[01m[Kint main(int, char**)[m[Kâ€™:
[6.661s] [01m[K/home/raviraj/Documents/ROS2/workspaces/ros2_cpp_ws/src/udemy_ros2_pkg/src/publisher.cpp:37:17:[m[K [01;31m[Kerror: [m[Ktoo few arguments to function â€˜[01m[Kvoid rclcpp::init(int, const char* const*, const rclcpp::InitOptions&, rclcpp::SignalHandlerOptions)[m[Kâ€™
[6.661s]    37 |     [01;31m[Krclcpp::init()[m[K;
[6.661s]       |     [01;31m[K~~~~~~~~~~~~^~[m[K
[6.661s] In file included from [01m[K/opt/ros/humble/include/rclcpp/rclcpp/logging.hpp:25[m[K,
[6.661s]                  from [01m[K/opt/ros/humble/include/rclcpp/rclcpp/client.hpp:40[m[K,
[6.661s]                  from [01m[K/opt/ros/humble/include/rclcpp/rclcpp/callback_group.hpp:24[m[K,
[6.661s]                  from [01m[K/opt/ros/humble/include/rclcpp/rclcpp/any_executable.hpp:20[m[K,
[6.661s]                  from [01m[K/opt/ros/humble/include/rclcpp/rclcpp/memory_strategy.hpp:25[m[K,
[6.661s]                  from [01m[K/opt/ros/humble/include/rclcpp/rclcpp/memory_strategies.hpp:18[m[K,
[6.661s]                  from [01m[K/opt/ros/humble/include/rclcpp/rclcpp/executor_options.hpp:20[m[K,
[6.661s]                  from [01m[K/opt/ros/humble/include/rclcpp/rclcpp/executor.hpp:37[m[K,
[6.661s]                  from [01m[K/opt/ros/humble/include/rclcpp/rclcpp/executors/multi_threaded_executor.hpp:25[m[K,
[6.661s]                  from [01m[K/opt/ros/humble/include/rclcpp/rclcpp/executors.hpp:21[m[K,
[6.661s]                  from [01m[K/opt/ros/humble/include/rclcpp/rclcpp/rclcpp.hpp:155[m[K,
[6.661s]                  from [01m[K/home/raviraj/Documents/ROS2/workspaces/ros2_cpp_ws/src/udemy_ros2_pkg/src/publisher.cpp:2[m[K:
[6.661s] [01m[K/opt/ros/humble/include/rclcpp/rclcpp/utilities.hpp:75:1:[m[K [01;36m[Knote: [m[Kdeclared here
[6.661s]    75 | [01;36m[Kinit[m[K(
[6.661s]       | [01;36m[K^~~~[m[K
[6.662s] [01m[K/home/raviraj/Documents/ROS2/workspaces/ros2_cpp_ws/src/udemy_ros2_pkg/src/publisher.cpp:35:14:[m[K [01;35m[Kwarning: [m[Kunused parameter â€˜[01m[Kargc[m[Kâ€™ [[01;35m[K]8;;https://gcc.gnu.org/onlinedocs/gcc/Warning-Options.html#index-Wunused-parameter-Wunused-parameter]8;;[m[K]
[6.663s]    35 | int main([01;35m[Kint argc[m[K, char* argv[]) {
[6.663s]       |          [01;35m[K~~~~^~~~[m[K
[6.663s] [01m[K/home/raviraj/Documents/ROS2/workspaces/ros2_cpp_ws/src/udemy_ros2_pkg/src/publisher.cpp:35:26:[m[K [01;35m[Kwarning: [m[Kunused parameter â€˜[01m[Kargv[m[Kâ€™ [[01;35m[K]8;;https://gcc.gnu.org/onlinedocs/gcc/Warning-Options.html#index-Wunused-parameter-Wunused-parameter]8;;[m[K]
[6.663s]    35 | int main(int argc, [01;35m[Kchar* argv[][m[K) {
[6.663s]       |                    [01;35m[K~~~~~~^~~~~~[m[K
[6.943s] gmake[2]: *** [CMakeFiles/publisher.dir/build.make:76: CMakeFiles/publisher.dir/src/publisher.cpp.o] Error 1
[6.943s] gmake[1]: *** [CMakeFiles/Makefile2:137: CMakeFiles/publisher.dir/all] Error 2
[6.943s] gmake: *** [Makefile:146: all] Error 2
[6.945s] Invoked command in '/home/raviraj/Documents/ROS2/workspaces/build/udemy_ros2_pkg' returned '2': CMAKE_PREFIX_PATH=/opt/ros/humble /usr/bin/cmake --build /home/raviraj/Documents/ROS2/workspaces/build/udemy_ros2_pkg -- -j32 -l32
