-- Found ament_cmake: 1.3.10 (/opt/ros/humble/share/ament_cmake/cmake)
-- Found rclcpp: 16.0.10 (/opt/ros/humble/share/rclcpp/cmake)
-- Found rosidl_generator_c: 3.1.5 (/opt/ros/humble/share/rosidl_generator_c/cmake)
-- Found rosidl_adapter: 3.1.5 (/opt/ros/humble/share/rosidl_adapter/cmake)
-- Found rosidl_generator_cpp: 3.1.5 (/opt/ros/humble/share/rosidl_generator_cpp/cmake)
-- Using all available rosidl_typesupport_c: rosidl_typesupport_fastrtps_c;rosidl_typesupport_introspection_c
-- Using all available rosidl_typesupport_cpp: rosidl_typesupport_fastrtps_cpp;rosidl_typesupport_introspection_cpp
-- Found rmw_implementation_cmake: 6.1.2 (/opt/ros/humble/share/rmw_implementation_cmake/cmake)
-- Found rmw_fastrtps_cpp: 6.2.7 (/opt/ros/humble/share/rmw_fastrtps_cpp/cmake)
-- Using RMW implementation 'rmw_fastrtps_cpp' as default
-- Found ament_lint_auto: 0.12.11 (/opt/ros/humble/share/ament_lint_auto/cmake)
-- Added test 'cppcheck' to perform static code analysis on C / C++ code
-- Configured cppcheck include dirs: 
-- Configured cppcheck exclude dirs and/or files: 
-- Added test 'lint_cmake' to check CMake code style
-- Added test 'uncrustify' to check C / C++ code style
-- Configured uncrustify additional arguments: 
-- Added test 'xmllint' to check XML markup files
-- Configuring done
-- Generating done
-- Build files have been written to: /home/raviraj/Documents/ROS2/workspaces/build/udemy_ros2_pkg
[35m[1mConsolidate compiler generated dependencies of target publisher[0m
[ 50%] [32mBuilding CXX object CMakeFiles/publisher.dir/src/publisher.cpp.o[0m
[01m[K/home/raviraj/Documents/ROS2/workspaces/ros2_cpp_ws/src/udemy_ros2_pkg/src/publisher.cpp:31:17:[m[K [01;31m[Kerror: [m[Kâ€˜[01m[KTimebase[m[Kâ€™ in namespace â€˜[01m[Krclcpp[m[Kâ€™ does not name a type; did you mean â€˜[01m[KTimerBase[m[Kâ€™?
   31 |         rclcpp::[01;31m[KTimebase[m[K::SharedPtr timer;
      |                 [01;31m[K^~~~~~~~[m[K
      |                 [32m[KTimerBase[m[K
[01m[K/home/raviraj/Documents/ROS2/workspaces/ros2_cpp_ws/src/udemy_ros2_pkg/src/publisher.cpp:32:2:[m[K [01;31m[Kerror: [m[Kexpected â€˜[01m[K;[m[Kâ€™ after class definition
   32 | }
      |  [01;31m[K^[m[K
      |  [32m[K;[m[K
[01m[K/home/raviraj/Documents/ROS2/workspaces/ros2_cpp_ws/src/udemy_ros2_pkg/src/publisher.cpp:[m[K In constructor â€˜[01m[KHellWorldPubNode::HellWorldPubNode()[m[Kâ€™:
[01m[K/home/raviraj/Documents/ROS2/workspaces/ros2_cpp_ws/src/udemy_ros2_pkg/src/publisher.cpp:12:13:[m[K [01;31m[Kerror: [m[Kâ€˜[01m[KPublisher_[m[Kâ€™ was not declared in this scope; did you mean â€˜[01m[KPublisher[m[Kâ€™?
   12 |             [01;31m[KPublisher_[m[K = this->create_publisher<std_msgs::msg::String>(
      |             [01;31m[K^~~~~~~~~~[m[K
      |             [32m[KPublisher[m[K
[01m[K/home/raviraj/Documents/ROS2/workspaces/ros2_cpp_ws/src/udemy_ros2_pkg/src/publisher.cpp:[m[K In member function â€˜[01m[Kvoid HellWorldPubNode::publish_hello_world()[m[Kâ€™:
[01m[K/home/raviraj/Documents/ROS2/workspaces/ros2_cpp_ws/src/udemy_ros2_pkg/src/publisher.cpp:23:59:[m[K [01;31m[Kerror: [m[Kâ€˜[01m[Kcounter_[m[Kâ€™ was not declared in this scope
   23 |             message.data = "Hello world" + std::to_string([01;31m[Kcounter_[m[K);
      |                                                           [01;31m[K^~~~~~~~[m[K
[01m[K/home/raviraj/Documents/ROS2/workspaces/ros2_cpp_ws/src/udemy_ros2_pkg/src/publisher.cpp:25:13:[m[K [01;31m[Kerror: [m[Kâ€˜[01m[KPublisher_[m[Kâ€™ was not declared in this scope; did you mean â€˜[01m[KPublisher[m[Kâ€™?
   25 |             [01;31m[KPublisher_[m[K->Publish(message);
      |             [01;31m[K^~~~~~~~~~[m[K
      |             [32m[KPublisher[m[K
[01m[K/home/raviraj/Documents/ROS2/workspaces/ros2_cpp_ws/src/udemy_ros2_pkg/src/publisher.cpp:[m[K In function â€˜[01m[Kint main(int, char**)[m[Kâ€™:
[01m[K/home/raviraj/Documents/ROS2/workspaces/ros2_cpp_ws/src/udemy_ros2_pkg/src/publisher.cpp:37:17:[m[K [01;31m[Kerror: [m[Ktoo few arguments to function â€˜[01m[Kvoid rclcpp::init(int, const char* const*, const rclcpp::InitOptions&, rclcpp::SignalHandlerOptions)[m[Kâ€™
   37 |     [01;31m[Krclcpp::init()[m[K;
      |     [01;31m[K~~~~~~~~~~~~^~[m[K
In file included from [01m[K/opt/ros/humble/include/rclcpp/rclcpp/logging.hpp:25[m[K,
                 from [01m[K/opt/ros/humble/include/rclcpp/rclcpp/client.hpp:40[m[K,
                 from [01m[K/opt/ros/humble/include/rclcpp/rclcpp/callback_group.hpp:24[m[K,
                 from [01m[K/opt/ros/humble/include/rclcpp/rclcpp/any_executable.hpp:20[m[K,
                 from [01m[K/opt/ros/humble/include/rclcpp/rclcpp/memory_strategy.hpp:25[m[K,
                 from [01m[K/opt/ros/humble/include/rclcpp/rclcpp/memory_strategies.hpp:18[m[K,
                 from [01m[K/opt/ros/humble/include/rclcpp/rclcpp/executor_options.hpp:20[m[K,
                 from [01m[K/opt/ros/humble/include/rclcpp/rclcpp/executor.hpp:37[m[K,
                 from [01m[K/opt/ros/humble/include/rclcpp/rclcpp/executors/multi_threaded_executor.hpp:25[m[K,
                 from [01m[K/opt/ros/humble/include/rclcpp/rclcpp/executors.hpp:21[m[K,
                 from [01m[K/opt/ros/humble/include/rclcpp/rclcpp/rclcpp.hpp:155[m[K,
                 from [01m[K/home/raviraj/Documents/ROS2/workspaces/ros2_cpp_ws/src/udemy_ros2_pkg/src/publisher.cpp:2[m[K:
[01m[K/opt/ros/humble/include/rclcpp/rclcpp/utilities.hpp:75:1:[m[K [01;36m[Knote: [m[Kdeclared here
   75 | [01;36m[Kinit[m[K(
      | [01;36m[K^~~~[m[K
[01m[K/home/raviraj/Documents/ROS2/workspaces/ros2_cpp_ws/src/udemy_ros2_pkg/src/publisher.cpp:35:14:[m[K [01;35m[Kwarning: [m[Kunused parameter â€˜[01m[Kargc[m[Kâ€™ [[01;35m[K]8;;https://gcc.gnu.org/onlinedocs/gcc/Warning-Options.html#index-Wunused-parameter-Wunused-parameter]8;;[m[K]
   35 | int main([01;35m[Kint argc[m[K, char* argv[]) {
      |          [01;35m[K~~~~^~~~[m[K
[01m[K/home/raviraj/Documents/ROS2/workspaces/ros2_cpp_ws/src/udemy_ros2_pkg/src/publisher.cpp:35:26:[m[K [01;35m[Kwarning: [m[Kunused parameter â€˜[01m[Kargv[m[Kâ€™ [[01;35m[K]8;;https://gcc.gnu.org/onlinedocs/gcc/Warning-Options.html#index-Wunused-parameter-Wunused-parameter]8;;[m[K]
   35 | int main(int argc, [01;35m[Kchar* argv[][m[K) {
      |                    [01;35m[K~~~~~~^~~~~~[m[K
gmake[2]: *** [CMakeFiles/publisher.dir/build.make:76: CMakeFiles/publisher.dir/src/publisher.cpp.o] Error 1
gmake[1]: *** [CMakeFiles/Makefile2:137: CMakeFiles/publisher.dir/all] Error 2
gmake: *** [Makefile:146: all] Error 2
