[0.006s] Invoking command in '/home/raviraj/Documents/ROS2/workspaces/build/udemy_ros2_pkg': CMAKE_PREFIX_PATH=/opt/ros/humble /usr/bin/cmake --build /home/raviraj/Documents/ROS2/workspaces/build/udemy_ros2_pkg -- -j32 -l32
[0.025s] [35m[1mConsolidate compiler generated dependencies of target publisher[0m
[0.031s] [ 50%] [32mBuilding CXX object CMakeFiles/publisher.dir/src/publisher.cpp.o[0m
[1.126s] [01m[K/home/raviraj/Documents/ROS2/workspaces/ros2_cpp_ws/src/udemy_ros2_pkg/src/publisher.cpp:32:2:[m[K [01;31m[Kerror: [m[Kexpected â€˜[01m[K;[m[Kâ€™ after class definition
[1.126s]    32 | }
[1.126s]       |  [01;31m[K^[m[K
[1.126s]       |  [32m[K;[m[K
[1.129s] [01m[K/home/raviraj/Documents/ROS2/workspaces/ros2_cpp_ws/src/udemy_ros2_pkg/src/publisher.cpp:[m[K In constructor â€˜[01m[KHellWorldPubNode::HellWorldPubNode()[m[Kâ€™:
[1.129s] [01m[K/home/raviraj/Documents/ROS2/workspaces/ros2_cpp_ws/src/udemy_ros2_pkg/src/publisher.cpp:12:13:[m[K [01;31m[Kerror: [m[Kâ€˜[01m[KPublisher_[m[Kâ€™ was not declared in this scope; did you mean â€˜[01m[KPublisher[m[Kâ€™?
[1.129s]    12 |             [01;31m[KPublisher_[m[K = this->create_publisher<std_msgs::msg::String>(
[1.129s]       |             [01;31m[K^~~~~~~~~~[m[K
[1.129s]       |             [32m[KPublisher[m[K
[1.133s] [01m[K/home/raviraj/Documents/ROS2/workspaces/ros2_cpp_ws/src/udemy_ros2_pkg/src/publisher.cpp:[m[K In member function â€˜[01m[Kvoid HellWorldPubNode::publish_hello_world()[m[Kâ€™:
[1.133s] [01m[K/home/raviraj/Documents/ROS2/workspaces/ros2_cpp_ws/src/udemy_ros2_pkg/src/publisher.cpp:23:59:[m[K [01;31m[Kerror: [m[Kâ€˜[01m[Kcounter_[m[Kâ€™ was not declared in this scope
[1.133s]    23 | a = "Hello world" + std::to_string([01;31m[Kcounter_[m[K);
[1.133s]       |                                    [01;31m[K^~~~~~~~[m[K
[1.133s] 
[1.135s] [01m[K/home/raviraj/Documents/ROS2/workspaces/ros2_cpp_ws/src/udemy_ros2_pkg/src/publisher.cpp:25:13:[m[K [01;31m[Kerror: [m[Kâ€˜[01m[KPublisher_[m[Kâ€™ was not declared in this scope; did you mean â€˜[01m[KPublisher[m[Kâ€™?
[1.135s]    25 |             [01;31m[KPublisher_[m[K->Publish(message);
[1.135s]       |             [01;31m[K^~~~~~~~~~[m[K
[1.135s]       |             [32m[KPublisher[m[K
[1.135s] [01m[K/home/raviraj/Documents/ROS2/workspaces/ros2_cpp_ws/src/udemy_ros2_pkg/src/publisher.cpp:[m[K In function â€˜[01m[Kint main(int, char**)[m[Kâ€™:
[1.135s] [01m[K/home/raviraj/Documents/ROS2/workspaces/ros2_cpp_ws/src/udemy_ros2_pkg/src/publisher.cpp:37:17:[m[K [01;31m[Kerror: [m[Ktoo few arguments to function â€˜[01m[Kvoid rclcpp::init(int, const char* const*, const rclcpp::InitOptions&, rclcpp::SignalHandlerOptions)[m[Kâ€™
[1.135s]    37 |     [01;31m[Krclcpp::init()[m[K;
[1.135s]       |     [01;31m[K~~~~~~~~~~~~^~[m[K
[1.135s] In file included from [01m[K/opt/ros/humble/include/rclcpp/rclcpp/logging.hpp:25[m[K,
[1.135s]                  from [01m[K/opt/ros/humble/include/rclcpp/rclcpp/client.hpp:40[m[K,
[1.135s]                  from [01m[K/opt/ros/humble/include/rclcpp/rclcpp/callback_group.hpp:24[m[K,
[1.136s]                  from [01m[K/opt/ros/humble/include/rclcpp/rclcpp/any_executable.hpp:20[m[K,
[1.136s]                  from [01m[K/opt/ros/humble/include/rclcpp/rclcpp/memory_strategy.hpp:25[m[K,
[1.136s]                  from [01m[K/opt/ros/humble/include/rclcpp/rclcpp/memory_strategies.hpp:18[m[K,
[1.136s]                  from [01m[K/opt/ros/humble/include/rclcpp/rclcpp/executor_options.hpp:20[m[K,
[1.136s]                  from [01m[K/opt/ros/humble/include/rclcpp/rclcpp/executor.hpp:37[m[K,
[1.136s]                  from [01m[K/opt/ros/humble/include/rclcpp/rclcpp/executors/multi_threaded_executor.hpp:25[m[K,
[1.136s]                  from [01m[K/opt/ros/humble/include/rclcpp/rclcpp/executors.hpp:21[m[K,
[1.136s]                  from [01m[K/opt/ros/humble/include/rclcpp/rclcpp/rclcpp.hpp:155[m[K,
[1.136s]                  from [01m[K/home/raviraj/Documents/ROS2/workspaces/ros2_cpp_ws/src/udemy_ros2_pkg/src/publisher.cpp:2[m[K:
[1.136s] [01m[K/opt/ros/humble/include/rclcpp/rclcpp/utilities.hpp:75:1:[m[K [01;36m[Knote: [m[Kdeclared here
[1.136s]    75 | [01;36m[Kinit[m[K(
[1.136s]       | [01;36m[K^~~~[m[K
[1.137s] [01m[K/home/raviraj/Documents/ROS2/workspaces/ros2_cpp_ws/src/udemy_ros2_pkg/src/publisher.cpp:35:14:[m[K [01;35m[Kwarning: [m[Kunused parameter â€˜[01m[Kargc[m[Kâ€™ [[01;35m[K]8;;https://gcc.gnu.org/onlinedocs/gcc/Warning-Options.html#index-Wunused-parameter-Wunused-parameter]8;;[m[K]
[1.137s]    35 | int main([01;35m[Kint argc[m[K, char* argv[]) {
[1.137s]       |          [01;35m[K~~~~^~~~[m[K
[1.137s] [01m[K/home/raviraj/Documents/ROS2/workspaces/ros2_cpp_ws/src/udemy_ros2_pkg/src/publisher.cpp:35:26:[m[K [01;35m[Kwarning: [m[Kunused parameter â€˜[01m[Kargv[m[Kâ€™ [[01;35m[K]8;;https://gcc.gnu.org/onlinedocs/gcc/Warning-Options.html#index-Wunused-parameter-Wunused-parameter]8;;[m[K]
[1.137s]    35 | int main(int argc, [01;35m[Kchar* argv[][m[K) {
[1.137s]       |                    [01;35m[K~~~~~~^~~~~~[m[K
[1.438s] gmake[2]: *** [CMakeFiles/publisher.dir/build.make:76: CMakeFiles/publisher.dir/src/publisher.cpp.o] Error 1
[1.438s] gmake[1]: *** [CMakeFiles/Makefile2:137: CMakeFiles/publisher.dir/all] Error 2
[1.438s] gmake: *** [Makefile:146: all] Error 2
[1.439s] Invoked command in '/home/raviraj/Documents/ROS2/workspaces/build/udemy_ros2_pkg' returned '2': CMAKE_PREFIX_PATH=/opt/ros/humble /usr/bin/cmake --build /home/raviraj/Documents/ROS2/workspaces/build/udemy_ros2_pkg -- -j32 -l32
